19:40:42.746 [INFO] [org.gradle.launcher.daemon.server.Daemon] start() called on daemon - DefaultDaemonContext[uid=067ad460-8937-42ca-bc09-7a30aa11d15e,javaHome=/usr/lib/jvm/java-7-openjdk-amd64,daemonRegistryDir=/home/tli-6/AndroidStudioProjects/collect/daemon,pid=13056,idleTimeout=10800000,daemonOpts=-XX:MaxPermSize=256m,-XX:+HeapDumpOnOutOfMemoryError,-Xmx1024m,-Dfile.encoding=UTF-8,-Duser.country=IN,-Duser.language=en,-Duser.variant]
19:40:42.783 [DEBUG] [org.gradle.launcher.daemon.server.DaemonStateCoordinator] updating lastActivityAt to 1449756642783
19:40:42.833 [DEBUG] [org.gradle.messaging.remote.internal.inet.InetAddressFactory] Adding IP addresses for network interface wlan0
19:40:42.834 [DEBUG] [org.gradle.messaging.remote.internal.inet.InetAddressFactory] Is this a loopback interface? false
19:40:42.835 [DEBUG] [org.gradle.messaging.remote.internal.inet.InetAddressFactory] Is this a multicast interface? true
19:40:42.835 [DEBUG] [org.gradle.messaging.remote.internal.inet.InetAddressFactory] Adding remote address /fe80:0:0:0:4ebb:58ff:fe9e:a66c%3
19:40:42.836 [DEBUG] [org.gradle.messaging.remote.internal.inet.InetAddressFactory] Adding remote address /192.168.2.4
19:40:42.838 [DEBUG] [org.gradle.messaging.remote.internal.inet.InetAddressFactory] Adding remote multicast interface wlan0
19:40:42.839 [DEBUG] [org.gradle.messaging.remote.internal.inet.InetAddressFactory] Adding IP addresses for network interface lo
19:40:42.840 [DEBUG] [org.gradle.messaging.remote.internal.inet.InetAddressFactory] Is this a loopback interface? true
19:40:42.841 [DEBUG] [org.gradle.messaging.remote.internal.inet.InetAddressFactory] Is this a multicast interface? false
19:40:42.842 [DEBUG] [org.gradle.messaging.remote.internal.inet.InetAddressFactory] Adding loopback address /0:0:0:0:0:0:0:1%1
19:40:42.843 [DEBUG] [org.gradle.messaging.remote.internal.inet.InetAddressFactory] Adding loopback address /127.0.0.1
19:40:42.849 [DEBUG] [org.gradle.messaging.remote.internal.inet.TcpIncomingConnector] Listening on [0ca2b482-fc1e-4a50-b94c-05b3749d6d29 port:60768, addresses:[/0:0:0:0:0:0:0:1%1, /127.0.0.1]].
19:40:42.853 [DEBUG] [org.gradle.launcher.daemon.server.Daemon] Daemon starting at: Thu Dec 10 19:40:42 IST 2015, with address: [0ca2b482-fc1e-4a50-b94c-05b3749d6d29 port:60768, addresses:[/0:0:0:0:0:0:0:1%1, /127.0.0.1]]
19:40:42.854 [INFO] [org.gradle.launcher.daemon.server.DomainRegistryUpdater] Advertising the daemon address to the clients: [0ca2b482-fc1e-4a50-b94c-05b3749d6d29 port:60768, addresses:[/0:0:0:0:0:0:0:1%1, /127.0.0.1]]
19:40:42.856 [DEBUG] [org.gradle.launcher.daemon.server.DomainRegistryUpdater] Advertised daemon context: DefaultDaemonContext[uid=067ad460-8937-42ca-bc09-7a30aa11d15e,javaHome=/usr/lib/jvm/java-7-openjdk-amd64,daemonRegistryDir=/home/tli-6/AndroidStudioProjects/collect/daemon,pid=13056,idleTimeout=10800000,daemonOpts=-XX:MaxPermSize=256m,-XX:+HeapDumpOnOutOfMemoryError,-Xmx1024m,-Dfile.encoding=UTF-8,-Duser.country=IN,-Duser.language=en,-Duser.variant]
19:40:42.857 [DEBUG] [org.gradle.launcher.daemon.registry.PersistentDaemonRegistry] Storing daemon address: [0ca2b482-fc1e-4a50-b94c-05b3749d6d29 port:60768, addresses:[/0:0:0:0:0:0:0:1%1, /127.0.0.1]], context: DefaultDaemonContext[uid=067ad460-8937-42ca-bc09-7a30aa11d15e,javaHome=/usr/lib/jvm/java-7-openjdk-amd64,daemonRegistryDir=/home/tli-6/AndroidStudioProjects/collect/daemon,pid=13056,idleTimeout=10800000,daemonOpts=-XX:MaxPermSize=256m,-XX:+HeapDumpOnOutOfMemoryError,-Xmx1024m,-Dfile.encoding=UTF-8,-Duser.country=IN,-Duser.language=en,-Duser.variant]
19:40:42.874 [DEBUG] [org.gradle.cache.internal.DefaultFileLockManager] Waiting to acquire exclusive lock on daemon addresses registry.
19:40:42.880 [DEBUG] [org.gradle.cache.internal.DefaultFileLockManager] Lock acquired.
19:40:42.884 [DEBUG] [org.gradle.cache.internal.DefaultFileLockManager] Releasing lock on daemon addresses registry.
19:40:42.887 [DEBUG] [org.gradle.cache.internal.DefaultFileLockManager] Waiting to acquire exclusive lock on daemon addresses registry.
19:40:42.889 [DEBUG] [org.gradle.cache.internal.DefaultFileLockManager] Lock acquired.
19:40:42.933 [DEBUG] [org.gradle.cache.internal.DefaultFileLockManager] Releasing lock on daemon addresses registry.
19:40:42.934 [LIFECYCLE] [org.gradle.launcher.daemon.server.Daemon] Daemon server started.
19:40:42.937 [DEBUG] [org.gradle.launcher.daemon.bootstrap.DaemonStartupCommunication] Completed writing the daemon greeting. Closing streams...
19:40:42.940 [DEBUG] [org.gradle.launcher.daemon.server.Daemon] requestStopOnIdleTimeout(10800000 MILLISECONDS) called on daemon
19:40:42.941 [DEBUG] [org.gradle.launcher.daemon.server.DaemonStateCoordinator] Idle timeout: waiting for daemon to stop or be idle for 10800000ms
19:40:42.943 [DEBUG] [org.gradle.launcher.daemon.server.DaemonStateCoordinator] Daemon is idle, sleeping until state change or idle timeout at Thu Dec 10 22:40:42 IST 2015
19:40:42.968 [DEBUG] [org.gradle.messaging.remote.internal.inet.TcpIncomingConnector] Accepted connection from /127.0.0.1:39151 to /127.0.0.1:60768.
19:40:43.216 [DEBUG] [org.gradle.launcher.daemon.server.SynchronizedDispatchConnection] thread 13: received class org.gradle.launcher.daemon.protocol.Build
19:40:43.217 [DEBUG] [org.gradle.launcher.daemon.server.DefaultDaemonConnection] Received non-IO message from client: Build{id=c6e6acf6-96b5-4b3a-be63-40e1b2c21607.1, currentDir=/home/tli-6/AndroidStudioProjects/collect}
19:40:43.218 [INFO] [org.gradle.launcher.daemon.server.DefaultIncomingConnectionHandler] Received command: Build{id=c6e6acf6-96b5-4b3a-be63-40e1b2c21607.1, currentDir=/home/tli-6/AndroidStudioProjects/collect}.
19:40:43.219 [DEBUG] [org.gradle.launcher.daemon.server.DefaultIncomingConnectionHandler] Starting executing command: Build{id=c6e6acf6-96b5-4b3a-be63-40e1b2c21607.1, currentDir=/home/tli-6/AndroidStudioProjects/collect} with connection: socket connection from /127.0.0.1:60768 to /127.0.0.1:39151.
19:40:43.277 [DEBUG] [org.gradle.launcher.daemon.server.DaemonStateCoordinator] Command execution: started DaemonCommandExecution[command = Build{id=c6e6acf6-96b5-4b3a-be63-40e1b2c21607.1, currentDir=/home/tli-6/AndroidStudioProjects/collect}, connection = org.gradle.launcher.daemon.server.DefaultDaemonConnection@53a467d4] after 0.0 minutes of idle
19:40:43.278 [INFO] [org.gradle.launcher.daemon.server.DomainRegistryUpdater] Marking the daemon as busy, address: [0ca2b482-fc1e-4a50-b94c-05b3749d6d29 port:60768, addresses:[/0:0:0:0:0:0:0:1%1, /127.0.0.1]]
19:40:43.279 [DEBUG] [org.gradle.launcher.daemon.registry.PersistentDaemonRegistry] Marking busy by address: [0ca2b482-fc1e-4a50-b94c-05b3749d6d29 port:60768, addresses:[/0:0:0:0:0:0:0:1%1, /127.0.0.1]]
19:40:43.280 [DEBUG] [org.gradle.cache.internal.DefaultFileLockManager] Waiting to acquire exclusive lock on daemon addresses registry.
19:40:43.281 [DEBUG] [org.gradle.cache.internal.DefaultFileLockManager] Lock acquired.
19:40:43.288 [DEBUG] [org.gradle.cache.internal.DefaultFileLockManager] Releasing lock on daemon addresses registry.
19:40:43.289 [DEBUG] [org.gradle.launcher.daemon.server.DaemonStateCoordinator] updating lastActivityAt to 1449756643289
19:40:43.291 [DEBUG] [org.gradle.launcher.daemon.server.DaemonStateCoordinator] Daemon is busy, sleeping until state changes.
19:40:43.292 [INFO] [org.gradle.launcher.daemon.server.exec.StartBuildOrRespondWithBusy] Daemon is about to start building Build{id=c6e6acf6-96b5-4b3a-be63-40e1b2c21607.1, currentDir=/home/tli-6/AndroidStudioProjects/collect}. Dispatching build started information...
19:40:43.293 [DEBUG] [org.gradle.launcher.daemon.server.SynchronizedDispatchConnection] thread 15: dispatching class org.gradle.launcher.daemon.protocol.BuildStarted
19:40:43.299 [DEBUG] [org.gradle.launcher.daemon.server.exec.EstablishBuildEnvironment] Configuring env variables: {XDG_SESSION_PATH=/org/freedesktop/DisplayManager/Session0, UPSTART_SESSION=unix:abstract=/com/ubuntu/upstart-session/1000/1750, SESSION_MANAGER=local/tli-6:@/tmp/.ICE-unix/1943,unix/tli-6:/tmp/.ICE-unix/1943, GNOME_DESKTOP_SESSION_ID=this-is-deprecated, COMPIZ_CONFIG_PROFILE=ubuntu, GDMSESSION=ubuntu, IM_CONFIG_PHASE=1, MANDATORY_PATH=/usr/share/gconf/ubuntu.mandatory.path, PWD=/home/tli-6, SESSIONTYPE=gnome-session, GIO_LAUNCHED_DESKTOP_FILE_PID=3791, GTK_IM_MODULE=ibus, XDG_GREETER_DATA_DIR=/var/lib/lightdm-data/tli-6, TEXTDOMAIN=im-config, XDG_MENU_PREFIX=gnome-, SELINUX_INIT=YES, XDG_CONFIG_DIRS=/etc/xdg/xdg-ubuntu:/usr/share/upstart/xdg:/etc/xdg, XDG_CURRENT_DESKTOP=Unity, PATH=/usr/local/sbin:/usr/local/bin:/usr/sbin:/usr/bin:/sbin:/bin:/usr/games:/usr/local/games:/home/tli-6/Setups/android-sdk-linux/tools:/home/tli-6/Setups/android-sdk-linux/platform-tools, XAUTHORITY=/home/tli-6/.Xauthority, GDM_LANG=en_US, XDG_SEAT=seat0, XDG_SESSION_ID=c2, XDG_SEAT_PATH=/org/freedesktop/DisplayManager/Seat0, XDG_VTNR=7, GNOME_KEYRING_CONTROL=/run/user/1000/keyring-kI04VQ, GTK_MODULES=overlay-scrollbar:unity-gtk-module, SHLVL=0, TEXTDOMAINDIR=/usr/share/locale/, COMPIZ_BIN_PATH=/usr/bin/, JOB=dbus, XDG_DATA_DIRS=/usr/share/ubuntu:/usr/share/gnome:/usr/local/share/:/usr/share/, QT_IM_MODULE=ibus, QT_QPA_PLATFORMTHEME=appmenu-qt5, GIO_LAUNCHED_DESKTOP_FILE=/home/tli-6/.local/share/applications/jetbrains-studio.desktop, LOGNAME=tli-6, GPG_AGENT_INFO=/run/user/1000/keyring-kI04VQ/gpg:0:1, SESSION=ubuntu, XMODIFIERS=@im=ibus, SSH_AUTH_SOCK=/run/user/1000/keyring-kI04VQ/ssh, SHELL=/bin/bash, DBUS_SESSION_BUS_ADDRESS=unix:abstract=/tmp/dbus-NFlNRZregU, GNOME_KEYRING_PID=1748, LANGUAGE=en_IN:en, INSTANCE=, DESKTOP_SESSION=ubuntu, CLUTTER_IM_MODULE=xim, DISPLAY=:0, USER=tli-6, HOME=/home/tli-6, QT4_IM_MODULE=xim, DEFAULTS_PATH=/usr/share/gconf/ubuntu.default.path, XDG_RUNTIME_DIR=/run/user/1000, LANG=en_IN}
19:40:43.320 [DEBUG] [org.gradle.launcher.daemon.server.SynchronizedDispatchConnection] thread 13: received class org.gradle.launcher.daemon.protocol.CloseInput
19:40:43.321 [DEBUG] [org.gradle.launcher.daemon.server.DefaultDaemonConnection] Received IO message from client: CloseInput[id=c6e6acf6-96b5-4b3a-be63-40e1b2c21607.2]
19:40:43.361 [INFO] [org.gradle.launcher.daemon.server.exec.LogToClient] About to start relaying all logs to the client via the connection.
19:40:43.362 [INFO] [org.gradle.launcher.daemon.server.exec.LogToClient] The client will now receive all logging from the daemon (pid: 13056). The daemon log file: /home/tli-6/AndroidStudioProjects/collect/daemon/2.2.1/daemon-13056.out.log
19:40:43.364 [INFO] [org.gradle.launcher.daemon.server.exec.ForwardClientInput] Closing daemon's stdin at end of input.
19:40:43.364 [INFO] [org.gradle.launcher.daemon.server.exec.ForwardClientInput] The daemon will no longer process any standard input.
19:40:43.369 [DEBUG] [org.gradle.launcher.daemon.server.exec.ExecuteBuild] The daemon has started executing the build.
19:40:43.370 [INFO] [org.gradle.launcher.daemon.server.exec.ExecuteBuild] Executing build with daemon context: DefaultDaemonContext[uid=067ad460-8937-42ca-bc09-7a30aa11d15e,javaHome=/usr/lib/jvm/java-7-openjdk-amd64,daemonRegistryDir=/home/tli-6/AndroidStudioProjects/collect/daemon,pid=13056,idleTimeout=10800000,daemonOpts=-XX:MaxPermSize=256m,-XX:+HeapDumpOnOutOfMemoryError,-Xmx1024m,-Dfile.encoding=UTF-8,-Duser.country=IN,-Duser.language=en,-Duser.variant]
19:40:44.479 [INFO] [org.gradle.tooling.internal.provider.DefaultPayloadClassLoaderRegistry] Creating ClassLoader 39cfa0b2-7324-4135-a329-b33ba562ead1 from [Spec classpath:[file:/home/tli-6/studiowork/android-studio/plugins/gradle/lib/gradle-tooling-api-2.2.jar, file:/home/tli-6/studiowork/android-studio/plugins/gradle/lib/guava-jdk5-17.0.jar, file:/home/tli-6/studiowork/android-studio/plugins/gradle/lib/gradle-base-services-2.2.jar, file:/home/tli-6/studiowork/android-studio/plugins/gradle/lib/gradle-tooling-extension-api.jar, file:/home/tli-6/studiowork/android-studio/lib/openapi.jar, file:/home/tli-6/studiowork/android-studio/plugins/android/lib/builder-model-1.4.0-beta2.jar, file:/home/tli-6/studiowork/android-studio/plugins/google-cloud-tools-core/lib/gradle-appengine-builder-model-0.1.0.jar]] and [org.gradle.internal.classloader.FilteringClassLoader@12d9a936].
19:40:44.481 [DEBUG] [org.gradle.cache.internal.DefaultFileLockManager] Waiting to acquire exclusive lock on jars (/home/tli-6/AndroidStudioProjects/collect/caches/jars-1).
19:40:44.482 [DEBUG] [org.gradle.cache.internal.DefaultFileLockManager] Lock acquired.
19:40:44.483 [DEBUG] [org.gradle.cache.internal.DefaultPersistentDirectoryCache] Invalidating org.gradle.cache.internal.DefaultPersistentDirectoryCache$Initializer@4de27a8f as it was not closed cleanly.
19:40:44.487 [DEBUG] [org.gradle.cache.internal.locklistener.DefaultFileLockContentionHandler] Starting file lock listener thread.
collect/settings.gradle System.getProperties().stringPropertyNames(): [java.vendor, sun.java.launcher, sun.management.compiler, idea.paths.selector, os.name, sun.boot.class.path, sun.desktop, java.vm.specification.vendor, java.runtime.version, jb.vmOptionsFile, user.name, java.rmi.server.disableHttp, idea.active, http.keepAlive, svnkit.http.methods, user.language, sun.boot.library.path, idea.fatal.error.notification, jna.nosys, java.version, user.timezone, java.net.preferIPv4Stack, sun.arch.data.model, java.endorsed.dirs, apple.awt.UIElement, sun.cpu.isalist, sun.jnu.encoding, file.encoding.pkg, file.separator, java.specification.name, java.class.version, user.country, jna.boot.library.path, java.home, java.vm.info, os.version, jna.debug_load, path.separator, java.vm.version, jna.debug_load.jna, user.variant, java.awt.printerjob, sun.io.unicode.encoding, awt.toolkit, log4j.defaultInitOverride, io.netty.processId, idea.platform.prefix, user.home, __idea.mac.env.lock, java.specification.vendor, java.library.path, java.vendor.url, java.vm.vendor, external.system.remote.process.idle.ttl.ms, java.runtime.name, sun.java.command, java.class.path, io.netty.machineId, java.vm.specification.name, idea.xdebug.key, java.vm.specification.version, sun.cpu.endian, sun.os.patch.level, java.io.tmpdir, java.vendor.url.bug, svnkit.log.native.calls, java.rmi.server.hostname, jna.platform.library.path, os.arch, java.awt.graphicsenv, java.ext.dirs, user.dir, awt.useSystemAAFontSettings, line.separator, java.vm.name, jb.restart.code, file.encoding, studio.record.file, java.specification.version]
collect/settings.gradle No value found for System.getProperty('com.android.studio.gradle.project.path')
collect/settings.gradle -- gradle.ext.workspacePath: /home/tli-6/AndroidStudioProjects/collect/..
gradle-config/remote.gradle -- gradle.ext.workspacePath: /home/tli-6/AndroidStudioProjects/collect/..
gradle-config/variables.gradle -- gradle.ext.workspacePath: /home/tli-6/AndroidStudioProjects/collect/..
gradle-config/remote.gradle -- gradle.ext.workspacePath: /home/tli-6/AndroidStudioProjects/collect/..
gradle-config/variables.gradle -- gradle.ext.workspacePath: /home/tli-6/AndroidStudioProjects/collect/..

BUILD SUCCESSFUL

Total time: 33.414 secs
19:41:15.489 [DEBUG] [org.gradle.cache.internal.DefaultFileLockManager] Releasing lock on initscript class cache for initialization script '/tmp/asLocalRepo4.gradle' (/home/tli-6/AndroidStudioProjects/collect/caches/2.2.1/scripts/asLocalRepo4_emjnrgknnreb8wqdkfby3sz5m/InitScript/initscript).
19:41:15.490 [DEBUG] [org.gradle.cache.internal.DefaultFileLockManager] Releasing lock on no_initscript class cache for initialization script '/tmp/asLocalRepo4.gradle' (/home/tli-6/AndroidStudioProjects/collect/caches/2.2.1/scripts/asLocalRepo4_emjnrgknnreb8wqdkfby3sz5m/InitScript/no_initscript).
19:41:15.491 [DEBUG] [org.gradle.cache.internal.DefaultFileLockManager] Releasing lock on initscript class cache for initialization script '/tmp/ijinit2.gradle' (/home/tli-6/AndroidStudioProjects/collect/caches/2.2.1/scripts/ijinit2_3sriqtc00stfgd0btmpohqf75/InitScript/initscript).
19:41:15.492 [DEBUG] [org.gradle.cache.internal.DefaultFileLockManager] Releasing lock on no_initscript class cache for initialization script '/tmp/ijinit2.gradle' (/home/tli-6/AndroidStudioProjects/collect/caches/2.2.1/scripts/ijinit2_3sriqtc00stfgd0btmpohqf75/InitScript/no_initscript).
19:41:15.493 [DEBUG] [org.gradle.cache.internal.DefaultFileLockManager] Releasing lock on buildscript class cache for settings file '/home/tli-6/AndroidStudioProjects/collect/settings.gradle' (/home/tli-6/AndroidStudioProjects/collect/caches/2.2.1/scripts/settings_boj96xb15gibvw0y3m9uk1d1n/SettingsScript/buildscript).
19:41:15.494 [DEBUG] [org.gradle.cache.internal.DefaultFileLockManager] Releasing lock on no_buildscript class cache for settings file '/home/tli-6/AndroidStudioProjects/collect/settings.gradle' (/home/tli-6/AndroidStudioProjects/collect/caches/2.2.1/scripts/settings_boj96xb15gibvw0y3m9uk1d1n/SettingsScript/no_buildscript).
19:41:15.495 [DEBUG] [org.gradle.cache.internal.DefaultFileLockManager] Releasing lock on buildscript class cache for script 'https://raw.githubusercontent.com/opendatakit/gradle-config/9/remote.gradle' (/home/tli-6/AndroidStudioProjects/collect/caches/2.2.1/scripts/remote_8zqqa9pln18mcx4ipt959xkpf/DefaultScript/buildscript).
19:41:15.495 [DEBUG] [org.gradle.cache.internal.DefaultFileLockManager] Releasing lock on no_buildscript class cache for script 'https://raw.githubusercontent.com/opendatakit/gradle-config/9/remote.gradle' (/home/tli-6/AndroidStudioProjects/collect/caches/2.2.1/scripts/remote_8zqqa9pln18mcx4ipt959xkpf/DefaultScript/no_buildscript).
19:41:15.496 [DEBUG] [org.gradle.cache.internal.DefaultFileLockManager] Releasing lock on buildscript class cache for script 'https://raw.githubusercontent.com/opendatakit/gradle-config/9/variables.gradle' (/home/tli-6/AndroidStudioProjects/collect/caches/2.2.1/scripts/variables_4g7tjiuonw5p7cslgubjsepy8/DefaultScript/buildscript).
19:41:15.497 [DEBUG] [org.gradle.cache.internal.DefaultFileLockManager] Releasing lock on no_buildscript class cache for script 'https://raw.githubusercontent.com/opendatakit/gradle-config/9/variables.gradle' (/home/tli-6/AndroidStudioProjects/collect/caches/2.2.1/scripts/variables_4g7tjiuonw5p7cslgubjsepy8/DefaultScript/no_buildscript).
19:41:15.498 [DEBUG] [org.gradle.cache.internal.DefaultFileLockManager] Releasing lock on buildscript class cache for build file '/home/tli-6/AndroidStudioProjects/collect/build.gradle' (/home/tli-6/AndroidStudioProjects/collect/caches/2.2.1/scripts/build_3ociq2120jbt2p67toi7wocox/ProjectScript/buildscript).
19:41:15.500 [DEBUG] [org.gradle.cache.internal.DefaultFileLockManager] Releasing lock on no_buildscript class cache for build file '/home/tli-6/AndroidStudioProjects/collect/build.gradle' (/home/tli-6/AndroidStudioProjects/collect/caches/2.2.1/scripts/build_3ociq2120jbt2p67toi7wocox/ProjectScript/no_buildscript).
19:41:15.500 [DEBUG] [org.gradle.cache.internal.DefaultFileLockManager] Releasing lock on buildscript class cache for build file '/home/tli-6/AndroidStudioProjects/collect/collect_app/build.gradle' (/home/tli-6/AndroidStudioProjects/collect/caches/2.2.1/scripts/build_dhvc7kvfo51bj6gy57o1ifxy/ProjectScript/buildscript).
19:41:15.501 [DEBUG] [org.gradle.cache.internal.DefaultFileLockManager] Releasing lock on no_buildscript class cache for build file '/home/tli-6/AndroidStudioProjects/collect/collect_app/build.gradle' (/home/tli-6/AndroidStudioProjects/collect/caches/2.2.1/scripts/build_dhvc7kvfo51bj6gy57o1ifxy/ProjectScript/no_buildscript).
19:41:15.502 [DEBUG] [org.gradle.cache.internal.DefaultFileLockManager] Releasing lock on buildscript class cache for script 'https://raw.githubusercontent.com/opendatakit/gradle-config/9/plugins.gradle' (/home/tli-6/AndroidStudioProjects/collect/caches/2.2.1/scripts/plugins_3m7htx84lxnmuzp2ekjd99y09/DefaultScript/buildscript).
19:41:15.503 [DEBUG] [org.gradle.cache.internal.DefaultFileLockManager] Releasing lock on no_buildscript class cache for script 'https://raw.githubusercontent.com/opendatakit/gradle-config/9/plugins.gradle' (/home/tli-6/AndroidStudioProjects/collect/caches/2.2.1/scripts/plugins_3m7htx84lxnmuzp2ekjd99y09/DefaultScript/no_buildscript).
19:41:15.504 [DEBUG] [org.gradle.cache.internal.DefaultFileLockManager] Releasing lock on buildscript class cache for script 'https://raw.githubusercontent.com/opendatakit/gradle-config/9/runnables.gradle' (/home/tli-6/AndroidStudioProjects/collect/caches/2.2.1/scripts/runnables_47xn8iqgycdxvx08tor6eduxd/DefaultScript/buildscript).
19:41:15.505 [DEBUG] [org.gradle.cache.internal.DefaultFileLockManager] Releasing lock on no_buildscript class cache for script 'https://raw.githubusercontent.com/opendatakit/gradle-config/9/runnables.gradle' (/home/tli-6/AndroidStudioProjects/collect/caches/2.2.1/scripts/runnables_47xn8iqgycdxvx08tor6eduxd/DefaultScript/no_buildscript).
19:41:15.506 [DEBUG] [org.gradle.cache.internal.DefaultCacheAccess] Cache Plugin Resolution Cache (/home/tli-6/AndroidStudioProjects/collect/caches/2.2.1/plugin-resolution) was closed 0 times.
19:41:15.506 [DEBUG] [org.gradle.cache.internal.DefaultFileLockManager] Releasing lock on jars (/home/tli-6/AndroidStudioProjects/collect/caches/jars-1).
19:41:15.530 [DEBUG] [org.gradle.cache.internal.btree.BTreePersistentIndexedCache] Closing cache module-metadata.bin (/home/tli-6/AndroidStudioProjects/collect/caches/modules-2/metadata-2.14/module-metadata.bin)
19:41:15.531 [DEBUG] [org.gradle.cache.internal.DefaultFileLockManager] Releasing lock on artifact cache (/home/tli-6/AndroidStudioProjects/collect/caches/modules-2).
19:41:15.532 [DEBUG] [org.gradle.api.internal.tasks.compile.daemon.CompilerDaemonManager] Stopping 0 compiler daemon(s).
19:41:15.533 [INFO] [org.gradle.api.internal.tasks.compile.daemon.CompilerDaemonManager] Stopped 0 compiler daemon(s).
19:41:15.571 [DEBUG] [org.gradle.api.internal.artifacts.ivyservice.resolveengine.store.CachedStoreFactory] Resolution result cache closed. Cache reads: 12, disk reads: 15 (avg: 0.002 secs, total: 0.032 secs)
19:41:15.572 [DEBUG] [org.gradle.api.internal.artifacts.ivyservice.resolveengine.store.CachedStoreFactory] Resolved configuration cache closed. Cache reads: 0, disk reads: 0 (avg: 0.0 secs, total: 0.0 secs)
19:41:15.573 [DEBUG] [org.gradle.api.internal.artifacts.ivyservice.resolveengine.store.ResolutionResultsStoreFactory] Deleted 2 resolution results binary files in 0.003 secs
19:41:15.574 [DEBUG] [org.gradle.api.internal.artifacts.ivyservice.ivyresolve.memcache.InMemoryCachedRepositoryFactory] In-memory dependency metadata cache closed. Repos cached: 105, cache instances: 7, modules served from cache: 121, artifacts: 53
19:41:15.575 [DEBUG] [org.gradle.launcher.daemon.server.exec.ExecuteBuild] The daemon has finished executing the build.
19:41:16.115 [DEBUG] [org.gradle.launcher.daemon.server.DaemonStateCoordinator] Daemon is busy, sleeping until state changes.
19:41:16.116 [DEBUG] [org.gradle.launcher.daemon.server.DaemonStateCoordinator] Command execution: finished waiting for DaemonCommandExecution[command = Build{id=c6e6acf6-96b5-4b3a-be63-40e1b2c21607.1, currentDir=/home/tli-6/AndroidStudioProjects/collect}, connection = org.gradle.launcher.daemon.server.DefaultDaemonConnection@53a467d4]. Result org.gradle.launcher.daemon.server.DaemonStateCoordinator@2fbefd8d with state Running
19:41:16.117 [DEBUG] [org.gradle.launcher.daemon.server.DaemonStateCoordinator] Command execution: completed DaemonCommandExecution[command = Build{id=c6e6acf6-96b5-4b3a-be63-40e1b2c21607.1, currentDir=/home/tli-6/AndroidStudioProjects/collect}, connection = org.gradle.launcher.daemon.server.DefaultDaemonConnection@53a467d4]
19:41:16.118 [DEBUG] [org.gradle.launcher.daemon.server.DaemonStateCoordinator] updating lastActivityAt to 1449756676118
19:41:16.119 [INFO] [org.gradle.launcher.daemon.server.DomainRegistryUpdater] Marking the daemon as idle, address: [0ca2b482-fc1e-4a50-b94c-05b3749d6d29 port:60768, addresses:[/0:0:0:0:0:0:0:1%1, /127.0.0.1]]
19:41:16.120 [DEBUG] [org.gradle.launcher.daemon.registry.PersistentDaemonRegistry] Marking idle by address: [0ca2b482-fc1e-4a50-b94c-05b3749d6d29 port:60768, addresses:[/0:0:0:0:0:0:0:1%1, /127.0.0.1]]
19:41:16.122 [DEBUG] [org.gradle.cache.internal.DefaultFileLockManager] Waiting to acquire exclusive lock on daemon addresses registry.
19:41:16.138 [DEBUG] [org.gradle.cache.internal.DefaultFileLockManager] Lock acquired.
19:41:16.184 [DEBUG] [org.gradle.cache.internal.DefaultFileLockManager] Releasing lock on daemon addresses registry.
19:41:16.185 [DEBUG] [org.gradle.launcher.daemon.server.DaemonStateCoordinator] Daemon is idle, sleeping until state change or idle timeout at Thu Dec 10 22:41:16 IST 2015
19:41:16.188 [DEBUG] [org.gradle.launcher.daemon.server.exec.ReturnResult] Daemon is dispatching the build result: DaemonCommandResult[type=Success, value=org.gradle.tooling.internal.provider.BuildActionResult@4f77450a]
19:41:16.189 [DEBUG] [org.gradle.launcher.daemon.server.SynchronizedDispatchConnection] thread 12: dispatching class org.gradle.launcher.daemon.protocol.Success
19:41:16.259 [DEBUG] [org.gradle.launcher.daemon.server.DefaultIncomingConnectionHandler] Finishing executing command: Build{id=c6e6acf6-96b5-4b3a-be63-40e1b2c21607.1, currentDir=/home/tli-6/AndroidStudioProjects/collect}
19:41:16.306 [DEBUG] [org.gradle.launcher.daemon.server.SynchronizedDispatchConnection] thread 13: received class org.gradle.launcher.daemon.protocol.Finished
19:41:16.307 [DEBUG] [org.gradle.launcher.daemon.server.DefaultDaemonConnection] Received non-IO message from client: org.gradle.launcher.daemon.protocol.Finished@3ec1f48c
19:41:16.308 [DEBUG] [org.gradle.launcher.daemon.server.DefaultIncomingConnectionHandler] Received finished message: org.gradle.launcher.daemon.protocol.Finished@3ec1f48c
19:41:16.308 [DEBUG] [org.gradle.launcher.daemon.server.SynchronizedDispatchConnection] thread 13: received null
19:41:16.309 [DEBUG] [org.gradle.launcher.daemon.server.SynchronizedDispatchConnection] thread 12: stopping connection
19:41:16.310 [DEBUG] [org.gradle.launcher.daemon.server.DefaultDaemonConnection] Received end-of-input from client.
19:41:16.339 [DEBUG] [org.gradle.launcher.daemon.server.SynchronizedDispatchConnection] thread 12: stopping connection
Daemon vm is shutting down... The daemon has exited normally or was terminated in response to a user interrupt.
20:00:41.066 [DEBUG] [org.gradle.launcher.daemon.registry.PersistentDaemonRegistry] Removing daemon address: [0ca2b482-fc1e-4a50-b94c-05b3749d6d29 port:60768, addresses:[/0:0:0:0:0:0:0:1%1, /127.0.0.1]]
20:00:42.017 [DEBUG] [org.gradle.cache.internal.DefaultFileLockManager] Waiting to acquire exclusive lock on daemon addresses registry.
20:00:42.148 [DEBUG] [org.gradle.cache.internal.DefaultFileLockManager] Lock acquired.
20:00:42.427 [DEBUG] [org.gradle.cache.internal.DefaultFileLockManager] Releasing lock on daemon addresses registry.
